1025
1019
1024
1016
1021
1021
1023
1021
1019
1022
1019
1023
1022
1020
1018
1019
1020
1021
1025
1021
1025
1017
1030
1016
1019
1022
1023
1026
1017
1023
1015
1023
1019
1018
1023
1022
1020
1029
1025
1030
1016
1018
1019
1028
1021
1019
1020
1022
1020
1023
1020
1024
1027
1025
1024
1022
1021
1016
1020
1021
1024
1022
1024
1021
1016
1017
1016
1019
1016
1026
1019
1016
1013
1022
1026
1029
1023
1024
1023
1027
1019
1017
1021
1024
1019
1021
1022
1027
1017
1014
1025
1020
1027
1013
1022
1019
1024
1018
1017
1021
1031
1021
1023
1022
1021
1024
1025
1022
1015
1020
1028
1022
1024
1028
1018
1024
1021
1023
1023
1019
1019
1027
1023
1019
1024
1020
1022
1029
1022
1019
1021
1020
1017
1013
1014
1021
1019
1026
1013
1022
1024
1021
1025
1015
1019
1020
1020
1019
1020
1015
1023
1019
1018
1020
1023
1017
1021
1023
1015
1024
1013
1021
1017
1022
1024
1017
1024
1020
1019
1022
1023
1024
1019
1015
1027
1020
1022
1010
1020
1019
1023
1017
1022
1021
1022
1016
1016
1019
1015
1018
1027
1020
1025
1025
1024
1014
1020
1020
1019
1022
1025
1023
1019
1020
1021
1026
1027
1017
1019
1020
1017
1026
1028
1022
1017
1024
1017
1023
1018
1018
1018
1021
1022
1015
1016
1030
1021
1017
1023
1021
1027
1018
1024
1022
1023
1020
1017
1024
1022
1016
1017
1019
1019
1022
1020
1023
1019
1025
1019
1026
1023
1024
1025
1020
1018
1024
1021
1024
1026
1022
1027
1022
1020
1020
1023
1019
1016
1024
1021
1023
1018
1020
1026
1024
1016
1022
1027
1022
1022
1030
1028
1013
1016
1026
1027
1021
1023
1026
1020
1024
1025
1017
1022
1019
1027
1016
1019
1013
1023
1022
1014
1018
1029
1021
1024
1022
1017
1025
1020
1024
1023
1027
1024
1017
1020
1021
1021
1024
1022
1022
1023
1024
1025
1021
1024
1022
1024
1021
1024
1021
1022
1017
1023
1017
1024
1021
1019
1019
1027
1022
1014
1021
1016
1017
1017
1016
1024
1020
1023
1023
1020
1019
1021
1024
1017
1017
1023
1017
1022
1021
1023
1019
1022
1032
1020
1026
1026
1020
1018
1027
1028
1023
1024
1024
1024
1023
1029
1025
1026
1013
1019
1032
1023
1025
1025
1021
1022
1023
1022
1020
1025
1019
1022
1025
1026
1026
1023
1025
1025
1028
1025
1013
1027
1015
1017
1025
1019
1017
1025
1022
1017
1021
1023
1017
1024
1024
1027
1017
1021
1018
1022
1023
1020
1027
1012
1025
1020
1023
1024
1017
1022
1018
1024
1023
1017
1021
1024
1022
1021
1026
1022
1021
1021
1023
1026
1019
1018
1023
1020
1021
1024
1023
1017
1016
1023
1021
1026
1021
1019
1023
1028
1022
1019
1020
1017
1020
1024
1018
1019
1021
1023
1023
1014
1019
1022
1027
1021
1021
1017
1025
1021
1019
1015
1020
1024
1022
1021
1025
1024
1026
1023
1020
1020
1022
1020
1024
1023
1024
1020
1031
1023
1023
1019
1018
1028
1024
1027
1022
1023
1025
1022
1023
1018
1021
1017
1019
1012
1023
1022
1021
1024
1024
1019
1021
1028
1020
1018
1019
1026
1017
1022
1023
1020
1019
1017
1027
1014
1019
1024
1023
1022
1022
1025
1021
1026
1023
1020
1021
1020
1020
1021
1023
1026
1021
1022
1024
1020
1021
1023
1019
1019
1022
1025
1020
1022
1026
1019
1019
1017
1021
1019
1021
1019
1022
1023
1023
1016
1016
1025
1020
1016
1025
1023
1020
1024
1020
1023
1019
1020
1024
1018
1023
1018
1023
1022
1020
1019
1022
1017
1020
1026
1024
1020
1020
1022
1028
1021
1016
1016
1024
1019
1022
1023
1016
1020
1024
1021
1021
1019
1020
1021
1020
1016
1017
1027
1023
1019
1025
1022
1025
1024
1023
1021
1025
1023
1018
1023
1018
1021
1022
1028
1018
1014
1020
1018
1017
1021
1024
1022
1022
1023
1019
1018
1017
1025
1027
1026
1023
1019
1024
1021
1020
1021
1018
1024
1026
1027
1017
1018
1027
1024
1020
1015
1027
1018
1022
1025
1026
1016
1027
1017
1023
1017
1018
1022
1024
1020
1019
1025
1023
1024
1021
1011
1024
1023
1018
1024
1029
1024
1021
1023
1025
1020
1019
1015
1020
1019
1012
1023
1020
1029
1022
1023
1023
1017
1026
1017
1020
1022
1027
1025
1018
1022
1021
1018
1023
1022
1028
1018
1012
1025
1022
1026
1020
1021
1019
1016
1018
1014
1023
1018
1023
1021
1025
1023
1022
1018
1023
1027
1022
1019
1018
1019
1021
1018
1023
1014
1019
1013
1023
1028
1023
1010
1024
1027
1022
1024
1019
1019
1022
1025
1024
1021
1021
1020
1025
1030
1021
1020
1023
1025
1022
1026
1019
1025
1021
1020
1020
1024
1020
1022
1024
1016
1023
1018
1023
1021
1021
1021
1015
1020
1023
1021
1023
1024
1016
1024
1020
1027
1020
1024
1022
1019
1020
1022
1022
1027
1025
1025
1023
1024
1022
1018
1018
1017
1021
1022
1024
1022
1022
1023
1023
1026
1018
1024
1021
1017
1022
1030
1026
1018
1023
1021
1022
1024
1025
1022
1013
1020
1019
1024
1017
1025
1024
1023
1026
1019
1019
1019
1026
1021
1022
1019
1019
1027
1019
1024
1015
1021
1015
1026
1023
1016
1022
1022
1023
1022
1020
1026
1018
1016
1025
1023
1022
1016
1026
1018
1022
1022
1023
1018
1022
1016
1022
1022
1023
1026
1024
1028
1022
1023
1022
1022
1015
1018
1022
1019
1015
1027
1024
1023
1017
1015
1020
1022
1020
1020
1022
1018
1017
1027
1026
1021
1022
1024
1026
1020
1018
1026
1023
1019
1029
1027
1022
1026
1019
1018
1017
1021
1022
1024
1023
1025
1024
1027
1020
1020
1025
1021
1020
1027
1024
1026
1025
1018
1018
1019
1019
1026
1013
1026
1025
1024
1015
1026
1021
1021
1024
1026
1022
1016
1026
1020
1023
1018
1018
1023
1024
1022
1018
1019
1022
1025
1019
1025
1024
1014
1016
1018
1023
1018
1020
1019
1013
1021
1016
1022
1021
1019
1023
