1083
1091
1082
1088
1085
1079
1085
1077
1082
1089
1087
1083
1079
1083
1086
1084
1083
1086
1079
1082
1084
1086
1080
1086
1084
1083
1082
1087
1079
1082
1085
1086
1086
1083
1082
1085
1080
1086
1078
1081
1084
1080
1079
1087
1085
1085
1081
1081
1079
1076
1084
1086
1085
1083
1081
1086
1091
1085
1081
1083
1082
1083
1080
1083
1086
1078
1080
1087
1088
1075
1078
1084
1080
1081
1085
1089
1089
1086
1082
1084
1085
1082
1084
1079
1084
1086
1081
1085
1085
1078
1083
1079
1082
1086
1086
1080
1088
1085
1082
1080
1084
1084
1085
1086
1081
1080
1087
1078
1090
1079
1082
1088
1086
1083
1082
1079
1085
1085
1087
1084
1087
1081
1085
1086
1081
1083
1081
1086
1082
1084
1077
1078
1081
1084
1085
1078
1081
1080
1078
1077
1080
1084
1084
1088
1084
1087
1079
1081
1084
1082
1080
1084
1086
1084
1087
1078
1088
1092
1075
1080
1084
1077
1079
1088
1085
1085
1080
1084
1082
1085
1082
1084
1083
1085
1081
1084
1085
1090
1080
1083
1083
1079
1080
1077
1088
1080
1084
1085
1076
1085
1078
1082
1083
1084
1087
1082
1081
1084
1085
1083
1081
1086
1084
1081
1081
1085
1075
1089
1090
1085
1080
1084
1078
1081
1092
1081
1081
1085
1083
1084
1089
1078
1082
1081
1081
1082
1082
1084
1082
1082
1080
1084
1081
1086
1080
1082
1085
1087
1080
1086
1086
1081
1083
1080
1082
1080
1079
1084
1083
1082
1080
1087
1081
1083
1087
1078
1086
1085
1082
1078
1083
1086
1085
1087
1077
1085
1085
1080
1084
1085
1082
1083
1081
1079
1079
1082
1085
1085
1080
1083
1084
1080
1074
1080
1085
1083
1086
1083
1082
1087
1081
1083
1084
1078
1083
1081
1081
1084
1087
1082
1084
1085
1082
1079
1085
1083
1077
1083
1085
1087
1083
1086
1085
1074
1085
1082
1080
1081
1079
1085
1085
1088
1088
1076
1081
1086
1072
1077
1078
1077
1072
1079
1087
1080
1083
1087
1088
1090
1081
1080
1082
1084
1081
1083
1080
1084
1089
1084
1081
1089
1076
1084
1078
1078
1080
1083
1090
1082
1085
1081
1083
1082
1087
1085
1083
1086
1079
1083
1088
1089
1087
1083
1086
1090
1083
1097
1089
1085
1088
1084
1082
1080
1079
1083
1086
1080
1085
1084
1083
1080
1080
1087
1089
1082
1084
1088
1091
1087
1087
1081
1087
1085
1085
1088
1086
1083
1091
1078
1082
1087
1085
1081
1078
1081
1079
1081
1083
1086
1082
1081
1077
1083
1080
1085
1079
1085
1080
1075
1083
1080
1082
1079
1080
1084
1082
1081
1083
1076
1084
1090
1084
1082
1078
1082
1080
1083
1084
1089
1083
1084
1087
1085
1085
1081
1082
1080
1085
1084
1083
1083
1086
1084
1084
1080
1081
1079
1079
1087
1086
1087
1084
1082
1078
1094
1078
1089
1085
1078
1073
1081
1084
1084
1080
1081
1085
1078
1078
1087
1087
1084
1083
1077
1078
1089
1085
1083
1079
1086
1078
1079
1090
1083
1083
1081
1077
1075
1085
1081
1081
1083
1084
1083
1082
1082
1088
1083
1080
1085
1081
1080
1077
1081
1089
1080
1079
1080
1079
1088
1081
1081
1077
1075
1089
1076
1079
1086
1082
1081
1084
1083
1081
1081
1085
1083
1080
1083
1089
1084
1090
1083
1084
1084
1083
1085
1081
1087
1081
1076
1085
1077
1081
1086
1086
1079
1086
1090
1082
1091
1078
1085
1087
1083
1087
1080
1086
1082
1085
1077
1084
1079
1081
1086
1076
1089
1080
1078
1081
1087
1079
1079
1085
1083
1078
1081
1079
1084
1084
1085
1083
1078
1082
1087
1080
1083
1084
1084
1085
1077
1083
1083
1089
1079
1083
1085
1083
1080
1083
1083
1081
1081
1085
1086
1080
1086
1077
1082
1084
1088
1082
1081
1082
1085
1080
1080
1077
1081
1083
1082
1088
1077
1085
1086
1079
1078
1075
1085
1081
1082
1086
1078
1078
1084
1081
1084
1079
1079
1075
1085
1086
1079
1078
1077
1079
1076
1077
1082
1076
1081
1084
1083
1083
1080
1080
1083
1083
1080
1084
1085
1078
1078
1082
1082
1085
1072
1082
1084
1081
1087
1084
1084
1087
1086
1077
1080
1077
1080
1089
1078
1081
1082
1077
1082
1083
1087
1085
1089
1083
1086
1074
1085
1079
1079
1080
1091
1081
1082
1085
1083
1082
1079
1087
1089
1087
1085
1082
1084
1083
1084
1087
1082
1088
1082
1080
1087
1081
1083
1086
1083
1081
1082
1084
1080
1085
1084
1082
1087
1084
1091
1085
1078
1079
1078
1084
1081
1079
1080
1080
1084
1080
1076
1079
1075
1078
1085
1085
1082
1088
1088
1077
1081
1077
1085
1087
1084
1083
1086
1081
1084
1078
1083
1084
1080
1086
1079
1083
1083
1087
1079
1077
1086
1084
1083
1085
1080
1087
1084
1086
1080
1076
1082
1085
1082
1082
1084
1080
1080
1080
1088
1087
1080
1084
1082
1081
1080
1083
1084
1082
1076
1083
1077
1083
1083
1084
1077
1085
1078
1082
1081
1078
1081
1080
1082
1081
1083
1086
1079
1086
1081
1085
1081
1084
1081
1086
1081
1084
1085
1077
1082
1076
1088
1084
1081
1082
1091
1084
1083
1086
1088
1083
1086
1079
1084
1079
1081
1085
1082
1081
1082
1077
1086
1079
1079
1074
1081
1081
1083
1082
1087
1082
1084
1080
1084
1082
1083
1087
1082
1087
1081
1080
1080
1083
1084
1082
1081
1082
1086
1085
1085
1077
1083
1080
1083
1082
1078
1078
1083
1083
1087
1085
1078
1079
1080
1079
1077
1085
1080
1086
1082
1080
1086
1085
1077
1083
1078
1083
1085
1077
1082
1078
1082
1080
1078
1080
1084
1083
1085
1083
1080
1080
1087
1082
1086
1080
1077
1086
1079
1077
1082
1084
1083
1086
1085
1084
1081
1086
1089
1084
1082
1086
1079
1085
1085
1078
1086
1075
1081
1086
1081
1083
1082
1077
1080
1086
1085
1089
1085
1084
1087
1078
1088
1085
1083
1081
1079
1081
1080
1085
1081
1082
1085
1082
1084
1080
1082
1084
1080
1085
1085
1079
1087
